<?xml version="1.0" encoding="UTF-8"?>
<testng-results ignored="0" total="4" passed="4" failed="0" skipped="0">
  <reporter-output>
  </reporter-output>
  <suite started-at="2024-05-03T16:41:24 IST" name="Default suite" finished-at="2024-05-03T16:42:49 IST" duration-ms="84682">
    <groups>
      <group name="cucumber">
        <method signature="AbstractTestNGCucumberTests.runScenario(io.cucumber.testng.PickleWrapper,io.cucumber.testng.FeatureWrapper)[pri:0, instance:com.urbanladder.runner.UrbanTestRunner@6ab778a]" name="runScenario" class="io.cucumber.testng.AbstractTestNGCucumberTests"/>
      </group> <!-- cucumber -->
    </groups>
    <test started-at="2024-05-03T16:41:24 IST" name="Default test" finished-at="2024-05-03T16:42:49 IST" duration-ms="84682">
      <class name="com.urbanladder.runner.UrbanTestRunner">
        <test-method is-config="true" signature="setUpClass(org.testng.ITestContext)[pri:0, instance:com.urbanladder.runner.UrbanTestRunner@6ab778a]" started-at="2024-05-03T16:41:24 IST" name="setUpClass" finished-at="2024-05-03T16:41:29 IST" duration-ms="5177" status="PASS">
          <params>
            <param index="0">
              <value>
                <![CDATA[org.testng.TestRunner@8beb0dd]]>
              </value>
            </param>
          </params>
          <reporter-output>
          </reporter-output>
        </test-method> <!-- setUpClass -->
        <test-method signature="runScenario(io.cucumber.testng.PickleWrapper,io.cucumber.testng.FeatureWrapper)[pri:0, instance:com.urbanladder.runner.UrbanTestRunner@6ab778a]" started-at="2024-05-03T16:41:29 IST" name="runScenario" description="Runs Cucumber Scenarios" data-provider="scenarios" finished-at="2024-05-03T16:41:38 IST" duration-ms="8573" status="PASS">
          <params>
            <param index="0">
              <value>
                <![CDATA["Search for bookshelve"]]>
              </value>
            </param>
            <param index="1">
              <value>
                <![CDATA["Home page scenarios"]]>
              </value>
            </param>
          </params>
          <reporter-output>
          </reporter-output>
        </test-method> <!-- runScenario -->
        <test-method signature="runScenario(io.cucumber.testng.PickleWrapper,io.cucumber.testng.FeatureWrapper)[pri:0, instance:com.urbanladder.runner.UrbanTestRunner@6ab778a]" started-at="2024-05-03T16:41:38 IST" name="runScenario" description="Runs Cucumber Scenarios" data-provider="scenarios" finished-at="2024-05-03T16:42:03 IST" duration-ms="24822" status="PASS">
          <params>
            <param index="0">
              <value>
                <![CDATA["Search BookShelves and Display the Results"]]>
              </value>
            </param>
            <param index="1">
              <value>
                <![CDATA["BookShelf Page Scenarios"]]>
              </value>
            </param>
          </params>
          <reporter-output>
          </reporter-output>
        </test-method> <!-- runScenario -->
        <test-method signature="runScenario(io.cucumber.testng.PickleWrapper,io.cucumber.testng.FeatureWrapper)[pri:0, instance:com.urbanladder.runner.UrbanTestRunner@6ab778a]" started-at="2024-05-03T16:42:03 IST" name="runScenario" description="Runs Cucumber Scenarios" data-provider="scenarios" finished-at="2024-05-03T16:42:19 IST" duration-ms="16268" status="PASS">
          <params>
            <param index="0">
              <value>
                <![CDATA["Enter Gift Card Details"]]>
              </value>
            </param>
            <param index="1">
              <value>
                <![CDATA["Gift-Card Page Scenarios"]]>
              </value>
            </param>
          </params>
          <reporter-output>
          </reporter-output>
        </test-method> <!-- runScenario -->
        <test-method signature="runScenario(io.cucumber.testng.PickleWrapper,io.cucumber.testng.FeatureWrapper)[pri:0, instance:com.urbanladder.runner.UrbanTestRunner@6ab778a]" started-at="2024-05-03T16:42:19 IST" name="runScenario" description="Runs Cucumber Scenarios" data-provider="scenarios" finished-at="2024-05-03T16:42:33 IST" duration-ms="13847" status="PASS">
          <params>
            <param index="0">
              <value>
                <![CDATA["Enter Gift Card Details"]]>
              </value>
            </param>
            <param index="1">
              <value>
                <![CDATA["Gift-Card Page Scenarios"]]>
              </value>
            </param>
          </params>
          <reporter-output>
          </reporter-output>
        </test-method> <!-- runScenario -->
        <test-method is-config="true" signature="tearDownClass()[pri:0, instance:com.urbanladder.runner.UrbanTestRunner@6ab778a]" started-at="2024-05-03T16:42:33 IST" name="tearDownClass" finished-at="2024-05-03T16:42:49 IST" duration-ms="15927" status="PASS">
          <reporter-output>
          </reporter-output>
        </test-method> <!-- tearDownClass -->
      </class> <!-- com.urbanladder.runner.UrbanTestRunner -->
    </test> <!-- Default test -->
  </suite> <!-- Default suite -->
</testng-results>
